Information: Updating design information... (UID-85)
 
****************************************
Report : timing
        -path full
        -delay min
        -max_paths 1
Design : MyDesign
Version: T-2022.03-SP4
Date   : Tue Nov 28 06:00:46 2023
****************************************

Operating Conditions: fast   Library: NangateOpenCellLibrary_PDKv1_2_v2008_10_fast_nldm
Wire Load Model Mode: top

  Startpoint: r2_reg[63] (rising edge-triggered flip-flop clocked by clk)
  Endpoint: r2_reg[63] (rising edge-triggered flip-flop clocked by clk)
  Path Group: clk
  Path Type: min

  Point                                    Incr       Path
  -----------------------------------------------------------
  clock clk (rise edge)                  0.0000     0.0000
  clock network delay (ideal)            0.0000     0.0000
  r2_reg[63]/CK (DFF_X1)                 0.0000     0.0000 r
  r2_reg[63]/Q (DFF_X1)                  0.0545     0.0545 r
  U104743/ZN (OAI21_X1)                  0.0176     0.0722 f
  r2_reg[63]/D (DFF_X1)                  0.0000     0.0722 f
  data arrival time                                 0.0722

  clock clk (rise edge)                  0.0000     0.0000
  clock network delay (ideal)            0.0000     0.0000
  clock uncertainty                      0.0500     0.0500
  r2_reg[63]/CK (DFF_X1)                 0.0000     0.0500 r
  library hold time                      0.0006     0.0506
  data required time                                0.0506
  -----------------------------------------------------------
  data required time                                0.0506
  data arrival time                                -0.0722
  -----------------------------------------------------------
  slack (MET)                                       0.0216


1
