 
****************************************
Report : timing
        -path full
        -delay max
        -max_paths 1
Design : MyDesign
Version: T-2022.03-SP4
Date   : Tue Nov 28 06:01:16 2023
****************************************

Operating Conditions: slow   Library: NangateOpenCellLibrary_PDKv1_2_v2008_10_slow_nldm
Wire Load Model Mode: top

  Startpoint: m_reg[50] (rising edge-triggered flip-flop clocked by clk)
  Endpoint: q_state_output_sram_write_data_r_reg[62]
            (rising edge-triggered flip-flop clocked by clk)
  Path Group: clk
  Path Type: max

  Point                                                   Incr       Path
  --------------------------------------------------------------------------
  clock clk (rise edge)                                 0.0000     0.0000
  clock network delay (ideal)                           0.0000     0.0000
  m_reg[50]/CK (DFF_X1)                                 0.0000     0.0000 r
  m_reg[50]/Q (DFF_X1)                                  0.5959     0.5959 f
  U10939/ZN (XNOR2_X1)                                  0.2881     0.8840 f
  U10940/ZN (NAND4_X1)                                  0.3165     1.2005 r
  U10945/ZN (NOR2_X1)                                   0.0907     1.2912 f
  U7053/ZN (AND2_X1)                                    0.2332     1.5245 f
  U5684/ZN (NAND3_X1)                                   0.6774     2.2019 r
  U11631/Z (MUX2_X1)                                    1.0643     3.2661 f
  U5551/ZN (INV_X1)                                     0.3509     3.6170 r
  U11632/ZN (INV_X4)                                    0.2523     3.8694 f
  U11633/ZN (NOR2_X1)                                   0.2445     4.1138 r
  U5539/ZN (AND3_X1)                                    0.2128     4.3266 r
  U11647/ZN (NAND4_X1)                                  0.1063     4.4329 f
  U11648/ZN (NOR2_X1)                                   0.2799     4.7128 r
  U11657/ZN (NOR2_X1)                                   0.1512     4.8640 f
  U11659/S (HA_X1)                                      0.4627     5.3267 f
  U11663/CO (FA_X1)                                     0.5220     5.8486 f
  U11662/CO (FA_X1)                                     0.5172     6.3659 f
  U11665/CO (FA_X1)                                     0.5172     6.8831 f
  U11667/CO (FA_X1)                                     0.5172     7.4004 f
  U11669/CO (FA_X1)                                     0.5172     7.9176 f
  U11671/CO (FA_X1)                                     0.5172     8.4349 f
  U11673/CO (FA_X1)                                     0.5172     8.9521 f
  U11675/CO (FA_X1)                                     0.5172     9.4693 f
  U11677/CO (FA_X1)                                     0.5172     9.9866 f
  U11679/CO (FA_X1)                                     0.5172    10.5038 f
  U11661/S (FA_X1)                                      0.8599    11.3638 r
  U5515/ZN (OR2_X1)                                     0.1817    11.5455 r
  U11681/ZN (OR2_X2)                                    0.2848    11.8303 r
  U11682/ZN (INV_X1)                                    0.0966    11.9270 f
  U5509/ZN (NOR2_X2)                                    1.0269    12.9539 r
  U8082/ZN (INV_X1)                                     0.3483    13.3022 f
  U104901/ZN (INV_X8)                                   0.4533    13.7555 r
  U15455/ZN (AOI21_X1)                                  0.1614    13.9169 f
  U15456/ZN (OAI211_X1)                                 0.4207    14.3376 r
  U15675/S (HA_X1)                                      0.6122    14.9499 r
  U15527/ZN (NAND2_X1)                                  0.1436    15.0935 f
  U15679/ZN (OAI21_X1)                                  0.3502    15.4436 r
  U15855/ZN (AOI21_X1)                                  0.1707    15.6143 f
  U16152/ZN (OAI21_X1)                                  0.3422    15.9565 r
  U16680/ZN (AOI21_X1)                                  0.1715    16.1280 f
  U17449/ZN (OAI21_X1)                                  0.3357    16.4638 r
  U18203/ZN (AOI21_X1)                                  0.1339    16.5977 f
  U18204/ZN (OAI21_X1)                                  0.6216    17.2192 r
  U5354/Z (BUF_X2)                                      0.6096    17.8288 r
  U18750/ZN (AOI21_X1)                                  0.1756    18.0044 f
  U18751/Z (XOR2_X1)                                    0.6224    18.6268 r
  U18774/Z (XOR2_X1)                                    0.5541    19.1809 r
  U18984/ZN (NOR2_X1)                                   0.1296    19.3105 f
  U19025/ZN (INV_X1)                                    0.1027    19.4132 r
  U19027/ZN (OAI21_X1)                                  0.0818    19.4950 f
  U19028/ZN (AOI21_X1)                                  0.3667    19.8617 r
  U19029/ZN (OAI21_X1)                                  0.1714    20.0331 f
  U19030/ZN (AOI21_X1)                                  0.3749    20.4080 r
  U19031/ZN (OAI21_X1)                                  0.2794    20.6874 f
  U9208/ZN (INV_X8)                                     0.7258    21.4133 r
  U19034/ZN (NAND2_X1)                                  0.1615    21.5748 f
  U19035/ZN (NAND2_X1)                                  0.2071    21.7819 r
  U2495/ZN (XNOR2_X1)                                   0.1515    21.9333 f
  U19097/CO (FA_X1)                                     0.5051    22.4385 f
  U19125/CO (FA_X1)                                     0.5172    22.9557 f
  U19165/CO (FA_X1)                                     0.5172    23.4729 f
  U19168/CO (FA_X1)                                     0.5172    23.9902 f
  U19167/CO (FA_X1)                                     0.5172    24.5074 f
  U19166/CO (FA_X1)                                     0.5172    25.0247 f
  U19171/CO (FA_X1)                                     0.5172    25.5419 f
  U19173/CO (FA_X1)                                     0.5172    26.0592 f
  U19176/CO (FA_X1)                                     0.5172    26.5764 f
  U19178/CO (FA_X1)                                     0.5013    27.0777 f
  U19179/ZN (XNOR2_X1)                                  0.2811    27.3588 f
  U19180/ZN (INV_X1)                                    0.1438    27.5026 r
  U19181/ZN (NAND2_X1)                                  0.0793    27.5819 f
  U5253/ZN (OR2_X1)                                     0.2890    27.8709 f
  U2547/ZN (NOR2_X2)                                    0.6500    28.5208 r
  U19188/ZN (XNOR2_X1)                                  0.2142    28.7350 f
  U9472/ZN (INV_X1)                                     0.3447    29.0797 r
  U19192/ZN (NAND2_X1)                                  0.1166    29.1963 f
  U5237/ZN (NAND2_X2)                                   0.4369    29.6332 r
  U5225/Z (CLKBUF_X3)                                   0.7617    30.3949 r
  U20037/ZN (OR2_X2)                                    0.7409    31.1357 r
  U7530/ZN (INV_X1)                                     0.2093    31.3450 f
  U22053/ZN (NAND2_X1)                                  0.1566    31.5016 r
  U22054/ZN (AND2_X1)                                   0.1683    31.6699 r
  U22055/ZN (NAND3_X1)                                  0.1232    31.7932 f
  U24040/ZN (AOI22_X1)                                  0.3836    32.1767 r
  U24041/ZN (NAND2_X1)                                  0.1701    32.3468 f
  U2338/ZN (AOI222_X1)                                  0.8090    33.1558 r
  U24545/ZN (OAI222_X1)                                 0.4014    33.5572 f
  U24549/ZN (NAND2_X1)                                  0.2549    33.8121 r
  U24784/ZN (NOR2_X1)                                   0.0925    33.9046 f
  U24785/ZN (NAND2_X1)                                  0.1468    34.0514 r
  U24786/ZN (NOR2_X1)                                   0.0873    34.1388 f
  U4550/ZN (AND2_X2)                                    0.1808    34.3196 f
  U25006/CO (HA_X1)                                     0.2558    34.5754 f
  U24842/CO (HA_X1)                                     0.2629    34.8383 f
  U24845/CO (HA_X1)                                     0.2629    35.1012 f
  U24849/CO (HA_X1)                                     0.2629    35.3641 f
  U25011/CO (HA_X1)                                     0.2629    35.6270 f
  U24829/CO (HA_X1)                                     0.2629    35.8899 f
  U25018/CO (HA_X1)                                     0.2629    36.1528 f
  U25015/CO (HA_X1)                                     0.2629    36.4157 f
  U24826/CO (HA_X1)                                     0.2629    36.6786 f
  U24823/CO (HA_X1)                                     0.2629    36.9415 f
  U24820/CO (HA_X1)                                     0.2629    37.2044 f
  U24817/CO (HA_X1)                                     0.2629    37.4672 f
  U25026/CO (HA_X1)                                     0.2629    37.7301 f
  U25023/CO (HA_X1)                                     0.2629    37.9930 f
  U24814/CO (HA_X1)                                     0.2629    38.2559 f
  U24811/CO (HA_X1)                                     0.2629    38.5188 f
  U24808/CO (HA_X1)                                     0.2629    38.7817 f
  U24805/CO (HA_X1)                                     0.2629    39.0446 f
  U25033/CO (HA_X1)                                     0.2629    39.3075 f
  U25031/CO (HA_X1)                                     0.2629    39.5704 f
  U24803/CO (HA_X1)                                     0.2629    39.8333 f
  U24801/CO (HA_X1)                                     0.2629    40.0962 f
  U25038/CO (HA_X1)                                     0.2502    40.3463 f
  U24796/Z (XOR2_X1)                                    0.2667    40.6131 r
  U24800/ZN (AOI22_X1)                                  0.1391    40.7521 f
  U25040/ZN (AND3_X2)                                   0.3030    41.0551 f
  U25093/ZN (NOR2_X1)                                   0.2646    41.3197 r
  U25155/S (HA_X1)                                      0.5844    41.9041 r
  U4519/ZN (INV_X1)                                     0.1275    42.0316 f
  U4518/ZN (OR2_X1)                                     0.2797    42.3113 f
  U38708/CO (FA_X1)                                     0.5725    42.8837 f
  U38710/CO (FA_X1)                                     0.5172    43.4010 f
  U38711/CO (FA_X1)                                     0.5172    43.9182 f
  U38712/CO (FA_X1)                                     0.5172    44.4354 f
  U38713/CO (FA_X1)                                     0.5172    44.9527 f
  U38714/CO (FA_X1)                                     0.5172    45.4699 f
  U38715/CO (FA_X1)                                     0.5172    45.9872 f
  U38717/CO (FA_X1)                                     0.5172    46.5044 f
  U38719/CO (FA_X1)                                     0.5172    47.0217 f
  U38707/S (FA_X1)                                      0.6652    47.6868 f
  U5858/ZN (OR2_X1)                                     0.2327    47.9195 f
  U5857/ZN (OR2_X1)                                     0.3065    48.2260 f
  U4493/ZN (XNOR2_X2)                                   0.4124    48.6384 r
  U4492/ZN (INV_X2)                                     0.1645    48.8029 f
  U4489/ZN (NOR2_X2)                                    0.2650    49.0679 r
  U38726/ZN (NAND2_X1)                                  0.0955    49.1633 f
  U38734/ZN (NAND2_X1)                                  0.3349    49.4982 r
  U38741/ZN (OR2_X2)                                    0.8046    50.3028 r
  U8296/ZN (INV_X1)                                     0.2729    50.5757 f
  U39121/ZN (AOI22_X1)                                  0.3816    50.9573 r
  U39123/ZN (NAND2_X1)                                  0.1594    51.1166 f
  U39424/ZN (INV_X1)                                    0.1145    51.2311 r
  U39425/ZN (OAI22_X1)                                  0.0895    51.3206 f
  U39426/ZN (AOI211_X1)                                 0.9194    52.2401 r
  U39586/ZN (OAI22_X1)                                  0.2289    52.4689 f
  U39587/ZN (AOI21_X1)                                  0.4234    52.8924 r
  U39588/ZN (OAI21_X1)                                  0.1899    53.0823 f
  U39705/ZN (NAND2_X1)                                  0.2037    53.2860 r
  U39706/ZN (OAI21_X1)                                  0.1459    53.4319 f
  U39710/ZN (AOI21_X1)                                  0.3876    53.8195 r
  U39717/ZN (OAI21_X1)                                  0.1800    53.9996 f
  U39732/ZN (AOI21_X1)                                  0.2910    54.2905 r
  U39993/ZN (OAI21_X1)                                  0.1351    54.4256 f
  U39994/ZN (AOI21_X1)                                  1.1679    55.5936 r
  U4202/Z (BUF_X4)                                      0.5023    56.0959 r
  U40442/ZN (OAI21_X1)                                  0.1438    56.2397 f
  U40449/ZN (XNOR2_X1)                                  0.5338    56.7735 r
  U40468/Z (XOR2_X1)                                    0.5626    57.3361 r
  U41265/ZN (INV_X1)                                    0.0768    57.4129 f
  U41266/ZN (AOI21_X1)                                  0.2556    57.6685 r
  U41267/ZN (OAI21_X1)                                  0.1714    57.8399 f
  U41268/ZN (AOI21_X1)                                  0.3868    58.2267 r
  U41280/ZN (OAI21_X1)                                  0.1240    58.3507 f
  U41281/ZN (AOI21_X1)                                  0.3749    58.7256 r
  U41282/ZN (OAI21_X1)                                  0.1932    58.9189 f
  U2502/ZN (INV_X1)                                     0.4539    59.3728 r
  U41298/ZN (XNOR2_X1)                                  0.3912    59.7639 r
  U41357/ZN (NOR2_X1)                                   0.1074    59.8713 f
  U2488/ZN (NAND2_X2)                                   0.0914    59.9627 r
  U41367/ZN (NOR2_X1)                                   0.0879    60.0507 f
  U41375/CO (FA_X1)                                     0.5680    60.6187 f
  U41374/CO (FA_X1)                                     0.5172    61.1359 f
  U41379/CO (FA_X1)                                     0.5172    61.6532 f
  U41378/CO (FA_X1)                                     0.5172    62.1704 f
  U41386/CO (FA_X1)                                     0.5172    62.6876 f
  U41387/CO (FA_X1)                                     0.5172    63.2049 f
  U41372/CO (FA_X1)                                     0.5172    63.7221 f
  U41389/CO (FA_X1)                                     0.5172    64.2394 f
  U41371/CO (FA_X1)                                     0.5172    64.7566 f
  U41369/CO (FA_X1)                                     0.5172    65.2739 f
  U41384/CO (FA_X1)                                     0.5172    65.7911 f
  U41432/S (FA_X1)                                      0.7146    66.5057 r
  U41385/ZN (INV_X1)                                    0.0603    66.5660 f
  U2489/ZN (NAND4_X2)                                   0.1928    66.7587 r
  U41427/ZN (AND2_X2)                                   0.2099    66.9687 r
  U41430/ZN (NAND2_X1)                                  0.0846    67.0533 f
  U6227/ZN (OR2_X1)                                     0.2046    67.2579 f
  U41434/ZN (AND2_X2)                                   0.2279    67.4858 f
  U41435/ZN (NAND2_X1)                                  0.2345    67.7203 r
  U8352/ZN (INV_X1)                                     0.1288    67.8491 f
  U41438/ZN (AND3_X2)                                   0.3126    68.1617 f
  U43217/ZN (INV_X2)                                    0.2530    68.4146 r
  U43319/ZN (NAND2_X1)                                  0.1573    68.5719 f
  U44552/ZN (INV_X2)                                    0.4595    69.0315 r
  U44645/ZN (NAND2_X1)                                  0.1150    69.1464 f
  U3972/ZN (AND4_X1)                                    0.3794    69.5258 f
  U3966/ZN (INV_X1)                                     0.1357    69.6615 r
  U45382/ZN (NAND2_X1)                                  0.0729    69.7344 f
  U45383/ZN (NAND2_X1)                                  0.1993    69.9337 r
  U45643/ZN (NAND2_X1)                                  0.0843    70.0180 f
  U3881/ZN (AND4_X1)                                    0.3712    70.3892 f
  U45645/ZN (OAI22_X1)                                  0.2799    70.6692 r
  U45650/ZN (NAND2_X1)                                  0.1129    70.7820 f
  U45660/ZN (NAND3_X1)                                  0.3023    71.0843 r
  U45675/ZN (NAND4_X1)                                  0.1731    71.2574 f
  U6223/ZN (OR4_X1)                                     0.6155    71.8729 f
  U45856/ZN (NOR2_X1)                                   0.1515    72.0245 r
  U3721/ZN (AND2_X2)                                    0.2737    72.2981 r
  U3719/ZN (AOI21_X1)                                   0.1236    72.4217 f
  U46192/Z (XOR2_X1)                                    0.3679    72.7896 f
  U46214/ZN (NAND2_X1)                                  0.1178    72.9074 r
  U46295/ZN (NAND2_X1)                                  0.1388    73.0462 f
  U8351/ZN (INV_X1)                                     0.4895    73.5357 r
  U46392/ZN (NAND3_X1)                                  0.1895    73.7252 f
  U6238/ZN (OR4_X1)                                     0.6108    74.3360 f
  U3678/ZN (OR2_X1)                                     0.2735    74.6095 f
  U46885/ZN (NOR2_X1)                                   0.3402    74.9497 r
  U46886/ZN (NOR2_X1)                                   0.2226    75.1723 f
  U8348/ZN (INV_X1)                                     0.1784    75.3507 r
  U46889/ZN (NAND2_X1)                                  0.0947    75.4454 f
  U46892/ZN (AOI21_X1)                                  0.2963    75.7417 r
  U6528/ZN (INV_X1)                                     0.1534    75.8951 f
  U47017/ZN (AOI21_X1)                                  0.2483    76.1433 r
  U47018/Z (XOR2_X1)                                    0.4312    76.5746 r
  U47019/ZN (INV_X1)                                    0.0686    76.6431 f
  U3631/ZN (NAND2_X1)                                   0.1495    76.7926 r
  U47023/ZN (AND3_X2)                                   0.5027    77.2953 r
  U2525/ZN (INV_X1)                                     0.3010    77.5964 f
  U47405/ZN (NOR2_X1)                                   0.9230    78.5193 r
  U49420/ZN (NAND2_X1)                                  0.2288    78.7481 f
  U7591/ZN (INV_X1)                                     0.3957    79.1439 r
  U3588/ZN (INV_X2)                                     0.2528    79.3967 f
  U49584/ZN (OAI22_X1)                                  0.4590    79.8556 r
  U49585/ZN (AOI21_X1)                                  0.1862    80.0419 f
  U49586/ZN (OAI21_X1)                                  0.3545    80.3963 r
  U49634/S (FA_X1)                                      0.6980    81.0943 f
  U49608/ZN (NOR2_X1)                                   0.2489    81.3432 r
  U49641/ZN (OAI21_X1)                                  0.1164    81.4596 f
  U49642/ZN (AOI21_X1)                                  0.3710    81.8306 r
  U49643/ZN (OAI21_X1)                                  0.1714    82.0020 f
  U49644/ZN (AOI21_X1)                                  0.4703    82.4723 r
  U50168/ZN (OAI21_X1)                                  0.1819    82.6542 f
  U3326/ZN (INV_X2)                                     0.5086    83.1628 r
  U50722/ZN (OAI21_X1)                                  0.1525    83.3154 f
  U50723/ZN (AOI21_X1)                                  0.4501    83.7655 r
  U50724/Z (XOR2_X1)                                    0.8749    84.6404 r
  U51323/S (HA_X1)                                      0.2053    84.8457 f
  U51437/ZN (NOR2_X1)                                   0.3301    85.1758 r
  U51512/ZN (NAND2_X1)                                  0.1077    85.2835 f
  U51513/ZN (NOR2_X1)                                   0.2367    85.5202 r
  U51514/ZN (NAND2_X1)                                  0.1149    85.6351 f
  U51515/ZN (NOR2_X1)                                   0.2439    85.8790 r
  U6885/ZN (INV_X1)                                     0.0654    85.9444 f
  U2558/ZN (OAI21_X1)                                   1.0394    86.9839 r
  U3166/ZN (INV_X2)                                     0.4513    87.4352 f
  U53692/ZN (XNOR2_X1)                                  0.3700    87.8052 f
  U53693/ZN (NOR2_X1)                                   0.2404    88.0456 r
  U53696/ZN (NAND2_X1)                                  0.0804    88.1260 f
  U53697/ZN (NOR2_X1)                                   0.3638    88.4898 r
  U53701/S (FA_X1)                                      0.7765    89.2663 f
  U3114/ZN (INV_X1)                                     0.1176    89.3840 r
  U53726/ZN (OAI21_X1)                                  0.0819    89.4659 f
  U53773/ZN (AOI21_X1)                                  0.2351    89.7010 r
  U53799/ZN (OAI21_X1)                                  0.1493    89.8503 f
  U6199/Z (XOR2_X1)                                     0.2956    90.1460 f
  U6198/ZN (AND2_X1)                                    0.2205    90.3665 f
  U53802/ZN (NAND4_X1)                                  0.2934    90.6599 r
  U3002/ZN (AND2_X1)                                    0.2299    90.8898 r
  U2979/ZN (INV_X1)                                     0.0642    90.9540 f
  U5873/ZN (OR2_X1)                                     0.1969    91.1509 f
  U2950/ZN (AND2_X1)                                    0.2125    91.3634 f
  U2570/ZN (NAND2_X1)                                   0.3245    91.6879 r
  U53898/ZN (NOR2_X1)                                   0.1941    91.8820 f
  U2567/ZN (INV_X1)                                     0.7233    92.6052 r
  U9503/ZN (INV_X1)                                     0.4675    93.0728 f
  U53907/ZN (NAND2_X2)                                  0.4429    93.5157 r
  U2559/ZN (INV_X1)                                     0.2586    93.7742 f
  U55521/ZN (NAND2_X1)                                  0.1579    93.9321 r
  U2811/ZN (AND3_X1)                                    0.2802    94.2123 r
  U55801/ZN (NAND2_X1)                                  0.0816    94.2939 f
  U55802/ZN (NAND2_X1)                                  0.1781    94.4720 r
  U55900/ZN (NAND2_X1)                                  0.0856    94.5576 f
  U2732/ZN (AND4_X1)                                    0.3416    94.8992 f
  U5682/ZN (OAI222_X1)                                  0.8423    95.7415 r
  U2487/ZN (INV_X4)                                     0.0392    95.7807 f
  U55903/ZN (NOR4_X1)                                   0.6085    96.3893 r
  U56067/ZN (NAND4_X1)                                  0.1385    96.5277 f
  U2596/ZN (OR4_X1)                                     0.4972    97.0250 f
  U56547/ZN (NOR2_X1)                                   0.5321    97.5570 r
  U56762/ZN (AOI21_X1)                                  0.1571    97.7142 f
  U9627/ZN (INV_X1)                                     0.1819    97.8961 r
  U56766/CO (HA_X1)                                     0.2402    98.1362 r
  U56770/CO (HA_X1)                                     0.2408    98.3770 r
  U57154/CO (HA_X1)                                     0.2145    98.5915 r
  U57155/Z (XOR2_X1)                                    0.3721    98.9636 r
  U57157/ZN (AOI21_X1)                                  0.1519    99.1156 f
  U104381/ZN (NOR2_X1)                                  0.2176    99.3332 r
  q_state_output_sram_write_data_r_reg[62]/D (DFF_X2)   0.0000    99.3332 r
  data arrival time                                               99.3332

  clock clk (rise edge)                               100.0000   100.0000
  clock network delay (ideal)                           0.0000   100.0000
  clock uncertainty                                    -0.0500    99.9500
  q_state_output_sram_write_data_r_reg[62]/CK (DFF_X2)
                                                        0.0000    99.9500 r
  library setup time                                   -0.2176    99.7324
  data required time                                              99.7324
  --------------------------------------------------------------------------
  data required time                                              99.7324
  data arrival time                                              -99.3332
  --------------------------------------------------------------------------
  slack (MET)                                                      0.3992


1
