Information: Updating design information... (UID-85)
 
****************************************
Report : timing
        -path full
        -delay max
        -max_paths 1
Design : MyDesign
Version: T-2022.03-SP4
Date   : Tue Nov 28 05:59:56 2023
****************************************

Operating Conditions: slow   Library: NangateOpenCellLibrary_PDKv1_2_v2008_10_slow_nldm
Wire Load Model Mode: top

  Startpoint: m_reg[50] (rising edge-triggered flip-flop clocked by clk)
  Endpoint: q_state_output_sram_write_data_r_reg[62]
            (rising edge-triggered flip-flop clocked by clk)
  Path Group: clk
  Path Type: max

  Point                                                   Incr       Path
  --------------------------------------------------------------------------
  clock clk (rise edge)                                 0.0000     0.0000
  clock network delay (ideal)                           0.0000     0.0000
  m_reg[50]/CK (DFF_X1)                                 0.0000     0.0000 r
  m_reg[50]/Q (DFF_X1)                                  0.5959     0.5959 f
  U10939/ZN (XNOR2_X1)                                  0.2881     0.8840 f
  U10940/ZN (NAND4_X1)                                  0.3165     1.2005 r
  U10945/ZN (NOR2_X1)                                   0.0907     1.2912 f
  U7053/ZN (AND2_X1)                                    0.2332     1.5245 f
  U5684/ZN (NAND3_X1)                                   0.6774     2.2019 r
  U11631/Z (MUX2_X1)                                    1.0643     3.2661 f
  U5551/ZN (INV_X1)                                     0.3509     3.6170 r
  U11632/ZN (INV_X4)                                    0.2523     3.8694 f
  U11633/ZN (NOR2_X1)                                   0.2445     4.1138 r
  U5539/ZN (AND3_X1)                                    0.2128     4.3266 r
  U11647/ZN (NAND4_X1)                                  0.1063     4.4329 f
  U11648/ZN (NOR2_X1)                                   0.2799     4.7128 r
  U11657/ZN (NOR2_X1)                                   0.1512     4.8640 f
  U11659/S (HA_X1)                                      0.4627     5.3267 f
  U11663/CO (FA_X1)                                     0.5220     5.8486 f
  U11662/CO (FA_X1)                                     0.5172     6.3659 f
  U11665/CO (FA_X1)                                     0.5172     6.8831 f
  U11667/CO (FA_X1)                                     0.5172     7.4004 f
  U11669/CO (FA_X1)                                     0.5172     7.9176 f
  U11671/CO (FA_X1)                                     0.5172     8.4349 f
  U11673/CO (FA_X1)                                     0.5172     8.9521 f
  U11675/CO (FA_X1)                                     0.5172     9.4693 f
  U11677/CO (FA_X1)                                     0.5172     9.9866 f
  U11679/CO (FA_X1)                                     0.5172    10.5038 f
  U11661/S (FA_X1)                                      0.8599    11.3638 r
  U5515/ZN (OR2_X1)                                     0.1817    11.5455 r
  U11681/ZN (OR2_X2)                                    0.2856    11.8311 r
  U5512/ZN (OR2_X2)                                     0.7615    12.5926 r
  U2578/ZN (INV_X1)                                     0.4778    13.0704 f
  U8083/ZN (INV_X1)                                     0.7267    13.7971 r
  U5501/ZN (INV_X8)                                     0.3292    14.1263 f
  U17061/ZN (NAND2_X1)                                  0.2261    14.3523 r
  U17062/ZN (OAI21_X1)                                  0.1292    14.4815 f
  U17063/ZN (AOI21_X1)                                  0.4079    14.8894 r
  U17064/ZN (OAI21_X1)                                  0.1952    15.0846 f
  U17109/S (HA_X1)                                      0.4113    15.4959 r
  U17066/ZN (NOR2_X1)                                   0.1393    15.6352 f
  U17114/ZN (NOR2_X1)                                   0.2554    15.8905 r
  U17115/ZN (NAND2_X1)                                  0.1161    16.0066 f
  U17116/ZN (NOR2_X1)                                   0.3141    16.3208 r
  U17442/ZN (NAND2_X1)                                  0.1165    16.4373 f
  U17443/ZN (NOR2_X1)                                   0.2629    16.7002 r
  U18196/ZN (NAND2_X1)                                  0.1001    16.8003 f
  U18204/ZN (OAI21_X1)                                  0.8448    17.6451 r
  U5354/Z (BUF_X2)                                      0.6096    18.2547 r
  U18772/ZN (AOI21_X1)                                  0.1756    18.4303 f
  U18773/Z (XOR2_X1)                                    0.4519    18.8822 f
  U18887/S (HA_X1)                                      0.4473    19.3295 f
  U18984/ZN (NOR2_X1)                                   0.3209    19.6505 r
  U18985/ZN (NAND2_X1)                                  0.1225    19.7730 f
  U18986/ZN (NOR2_X1)                                   0.2352    20.0081 r
  U18987/ZN (NAND2_X1)                                  0.1127    20.1208 f
  U6662/ZN (OR2_X1)                                     0.2885    20.4094 f
  U19031/ZN (OAI21_X1)                                  0.6802    21.0896 r
  U8074/ZN (INV_X4)                                     0.3061    21.3957 f
  U19032/ZN (NOR2_X1)                                   0.3037    21.6994 r
  U19095/ZN (NOR2_X1)                                   0.0952    21.7946 f
  U5289/ZN (INV_X1)                                     0.1441    21.9387 r
  U19096/Z (XOR2_X1)                                    0.5652    22.5039 r
  U5276/ZN (INV_X1)                                     0.1396    22.6435 f
  U19164/S (HA_X1)                                      0.4770    23.1205 f
  U19165/CO (FA_X1)                                     0.5923    23.7128 f
  U19168/CO (FA_X1)                                     0.5172    24.2301 f
  U19167/CO (FA_X1)                                     0.5172    24.7473 f
  U19166/CO (FA_X1)                                     0.5172    25.2646 f
  U19171/CO (FA_X1)                                     0.5172    25.7818 f
  U19173/CO (FA_X1)                                     0.5172    26.2991 f
  U19176/CO (FA_X1)                                     0.5172    26.8163 f
  U19178/CO (FA_X1)                                     0.5013    27.3176 f
  U19179/ZN (XNOR2_X1)                                  0.2811    27.5987 f
  U19180/ZN (INV_X1)                                    0.1438    27.7425 r
  U19181/ZN (NAND2_X1)                                  0.0793    27.8218 f
  U5253/ZN (OR2_X1)                                     0.2890    28.1108 f
  U2547/ZN (NOR2_X2)                                    0.6500    28.7607 r
  U19188/ZN (XNOR2_X1)                                  0.2142    28.9750 f
  U9472/ZN (INV_X1)                                     0.3447    29.3196 r
  U19192/ZN (NAND2_X1)                                  0.1166    29.4362 f
  U5237/ZN (NAND2_X2)                                   0.4369    29.8731 r
  U5225/Z (CLKBUF_X3)                                   0.7617    30.6348 r
  U20037/ZN (OR2_X2)                                    0.7409    31.3756 r
  U7530/ZN (INV_X1)                                     0.2093    31.5849 f
  U22053/ZN (NAND2_X1)                                  0.1566    31.7415 r
  U22054/ZN (AND2_X1)                                   0.1683    31.9099 r
  U22055/ZN (NAND3_X1)                                  0.1232    32.0331 f
  U24040/ZN (AOI22_X1)                                  0.3836    32.4166 r
  U24041/ZN (NAND2_X1)                                  0.1701    32.5867 f
  U2338/ZN (AOI222_X1)                                  0.8090    33.3957 r
  U24545/ZN (OAI222_X1)                                 0.4014    33.7971 f
  U24549/ZN (NAND2_X1)                                  0.2550    34.0520 r
  U24784/ZN (NOR2_X1)                                   0.0925    34.1445 f
  U24785/ZN (NAND2_X1)                                  0.1468    34.2913 r
  U24786/ZN (NOR2_X1)                                   0.0873    34.3787 f
  U4550/ZN (AND2_X2)                                    0.1808    34.5595 f
  U25006/CO (HA_X1)                                     0.2558    34.8153 f
  U24842/CO (HA_X1)                                     0.2629    35.0782 f
  U24845/CO (HA_X1)                                     0.2629    35.3411 f
  U24849/CO (HA_X1)                                     0.2629    35.6040 f
  U25011/CO (HA_X1)                                     0.2629    35.8669 f
  U24829/CO (HA_X1)                                     0.2629    36.1298 f
  U25018/CO (HA_X1)                                     0.2629    36.3927 f
  U25015/CO (HA_X1)                                     0.2629    36.6556 f
  U24826/CO (HA_X1)                                     0.2629    36.9185 f
  U24823/CO (HA_X1)                                     0.2629    37.1814 f
  U24820/CO (HA_X1)                                     0.2629    37.4443 f
  U24817/CO (HA_X1)                                     0.2629    37.7072 f
  U25026/CO (HA_X1)                                     0.2629    37.9701 f
  U25023/CO (HA_X1)                                     0.2629    38.2329 f
  U24814/CO (HA_X1)                                     0.2629    38.4958 f
  U24811/CO (HA_X1)                                     0.2629    38.7587 f
  U24808/CO (HA_X1)                                     0.2629    39.0216 f
  U24805/CO (HA_X1)                                     0.2629    39.2845 f
  U25033/CO (HA_X1)                                     0.2629    39.5474 f
  U25031/CO (HA_X1)                                     0.2629    39.8103 f
  U24803/CO (HA_X1)                                     0.2629    40.0732 f
  U24801/CO (HA_X1)                                     0.2629    40.3361 f
  U25038/CO (HA_X1)                                     0.2502    40.5863 f
  U24796/Z (XOR2_X1)                                    0.2667    40.8530 r
  U24800/ZN (AOI22_X1)                                  0.1391    40.9920 f
  U25040/ZN (AND3_X2)                                   0.3030    41.2950 f
  U25093/ZN (NOR2_X1)                                   0.2646    41.5596 r
  U25155/S (HA_X1)                                      0.5844    42.1440 r
  U4519/ZN (INV_X1)                                     0.1275    42.2715 f
  U4518/ZN (OR2_X1)                                     0.2797    42.5512 f
  U38708/CO (FA_X1)                                     0.5725    43.1236 f
  U38710/CO (FA_X1)                                     0.5172    43.6409 f
  U38711/CO (FA_X1)                                     0.5172    44.1581 f
  U38712/CO (FA_X1)                                     0.5172    44.6754 f
  U38713/CO (FA_X1)                                     0.5172    45.1926 f
  U38714/CO (FA_X1)                                     0.5172    45.7098 f
  U38715/CO (FA_X1)                                     0.5172    46.2271 f
  U38717/CO (FA_X1)                                     0.5172    46.7443 f
  U38719/CO (FA_X1)                                     0.5172    47.2616 f
  U38707/S (FA_X1)                                      0.6652    47.9268 f
  U5858/ZN (OR2_X1)                                     0.2327    48.1594 f
  U5857/ZN (OR2_X1)                                     0.3065    48.4659 f
  U4493/ZN (XNOR2_X2)                                   0.4124    48.8783 r
  U4492/ZN (INV_X2)                                     0.1645    49.0428 f
  U4489/ZN (NOR2_X2)                                    0.2650    49.3078 r
  U38726/ZN (NAND2_X1)                                  0.0955    49.4033 f
  U38734/ZN (NAND2_X1)                                  0.3349    49.7381 r
  U38741/ZN (OR2_X2)                                    0.8046    50.5427 r
  U8296/ZN (INV_X1)                                     0.2729    50.8156 f
  U39121/ZN (AOI22_X1)                                  0.3816    51.1972 r
  U39123/ZN (NAND2_X1)                                  0.1594    51.3566 f
  U39424/ZN (INV_X1)                                    0.1145    51.4710 r
  U39425/ZN (OAI22_X1)                                  0.0895    51.5605 f
  U39426/ZN (AOI211_X1)                                 0.9194    52.4800 r
  U39586/ZN (OAI22_X1)                                  0.2289    52.7089 f
  U39587/ZN (AOI21_X1)                                  0.4234    53.1323 r
  U39588/ZN (OAI21_X1)                                  0.1899    53.3222 f
  U39705/ZN (NAND2_X1)                                  0.2037    53.5259 r
  U39706/ZN (OAI21_X1)                                  0.1459    53.6718 f
  U39710/ZN (AOI21_X1)                                  0.3876    54.0595 r
  U39717/ZN (OAI21_X1)                                  0.1800    54.2395 f
  U39732/ZN (AOI21_X1)                                  0.2910    54.5304 r
  U39993/ZN (OAI21_X1)                                  0.1351    54.6656 f
  U39994/ZN (AOI21_X1)                                  1.1679    55.8335 r
  U4202/Z (BUF_X4)                                      0.5023    56.3358 r
  U40442/ZN (OAI21_X1)                                  0.1438    56.4796 f
  U40449/ZN (XNOR2_X1)                                  0.5338    57.0134 r
  U40468/Z (XOR2_X1)                                    0.5626    57.5760 r
  U41265/ZN (INV_X1)                                    0.0768    57.6528 f
  U41266/ZN (AOI21_X1)                                  0.2556    57.9084 r
  U41267/ZN (OAI21_X1)                                  0.1714    58.0798 f
  U41268/ZN (AOI21_X1)                                  0.3868    58.4666 r
  U41280/ZN (OAI21_X1)                                  0.1240    58.5906 f
  U41281/ZN (AOI21_X1)                                  0.3749    58.9655 r
  U41282/ZN (OAI21_X1)                                  0.1932    59.1588 f
  U2502/ZN (INV_X1)                                     0.5558    59.7146 r
  U41298/ZN (XNOR2_X1)                                  0.4053    60.1199 r
  U41357/ZN (NOR2_X1)                                   0.1074    60.2273 f
  U2488/ZN (NAND2_X2)                                   0.0914    60.3187 r
  U41367/ZN (NOR2_X1)                                   0.0879    60.4066 f
  U41375/CO (FA_X1)                                     0.5680    60.9746 f
  U41374/CO (FA_X1)                                     0.5172    61.4919 f
  U41379/CO (FA_X1)                                     0.5172    62.0091 f
  U41378/CO (FA_X1)                                     0.5172    62.5264 f
  U41386/CO (FA_X1)                                     0.5172    63.0436 f
  U41387/CO (FA_X1)                                     0.5172    63.5608 f
  U41372/CO (FA_X1)                                     0.5172    64.0781 f
  U41389/CO (FA_X1)                                     0.5172    64.5953 f
  U41371/CO (FA_X1)                                     0.5172    65.1126 f
  U41369/CO (FA_X1)                                     0.5172    65.6298 f
  U41384/CO (FA_X1)                                     0.5172    66.1470 f
  U41432/S (FA_X1)                                      0.7146    66.8616 r
  U41385/ZN (INV_X1)                                    0.0603    66.9219 f
  U2489/ZN (NAND4_X2)                                   0.1928    67.1147 r
  U41427/ZN (AND2_X2)                                   0.2099    67.3246 r
  U41430/ZN (NAND2_X1)                                  0.0846    67.4092 f
  U6227/ZN (OR2_X1)                                     0.2046    67.6138 f
  U41434/ZN (AND2_X2)                                   0.2279    67.8418 f
  U41435/ZN (NAND2_X1)                                  0.2345    68.0762 r
  U8352/ZN (INV_X1)                                     0.1288    68.2050 f
  U41438/ZN (AND3_X2)                                   0.3126    68.5176 f
  U43217/ZN (INV_X2)                                    0.2530    68.7706 r
  U43319/ZN (NAND2_X1)                                  0.1573    68.9279 f
  U44552/ZN (INV_X2)                                    0.4595    69.3874 r
  U44645/ZN (NAND2_X1)                                  0.1150    69.5024 f
  U3972/ZN (AND4_X1)                                    0.3794    69.8817 f
  U3966/ZN (INV_X1)                                     0.1357    70.0174 r
  U45382/ZN (NAND2_X1)                                  0.0729    70.0904 f
  U45383/ZN (NAND2_X1)                                  0.1993    70.2897 r
  U45643/ZN (NAND2_X1)                                  0.0843    70.3740 f
  U3881/ZN (AND4_X1)                                    0.3712    70.7452 f
  U45645/ZN (OAI22_X1)                                  0.2799    71.0251 r
  U45650/ZN (NAND2_X1)                                  0.1129    71.1380 f
  U45660/ZN (NAND3_X1)                                  0.3023    71.4403 r
  U45675/ZN (NAND4_X1)                                  0.1731    71.6134 f
  U6223/ZN (OR4_X1)                                     0.6155    72.2289 f
  U45856/ZN (NOR2_X1)                                   0.1515    72.3804 r
  U3721/ZN (AND2_X2)                                    0.2737    72.6541 r
  U3719/ZN (AOI21_X1)                                   0.1236    72.7777 f
  U46192/Z (XOR2_X1)                                    0.3679    73.1456 f
  U46214/ZN (NAND2_X1)                                  0.1178    73.2634 r
  U46295/ZN (NAND2_X1)                                  0.1388    73.4022 f
  U8351/ZN (INV_X1)                                     0.4895    73.8917 r
  U46392/ZN (NAND3_X1)                                  0.1895    74.0811 f
  U6238/ZN (OR4_X1)                                     0.6108    74.6920 f
  U3678/ZN (OR2_X1)                                     0.2735    74.9654 f
  U46885/ZN (NOR2_X1)                                   0.3402    75.3056 r
  U46886/ZN (NOR2_X1)                                   0.2226    75.5283 f
  U8348/ZN (INV_X1)                                     0.1784    75.7066 r
  U46889/ZN (NAND2_X1)                                  0.0947    75.8013 f
  U46892/ZN (AOI21_X1)                                  0.2963    76.0977 r
  U6528/ZN (INV_X1)                                     0.1534    76.2510 f
  U47017/ZN (AOI21_X1)                                  0.2483    76.4993 r
  U47018/Z (XOR2_X1)                                    0.4312    76.9305 r
  U47019/ZN (INV_X1)                                    0.0686    76.9991 f
  U3631/ZN (NAND2_X1)                                   0.1495    77.1486 r
  U47023/ZN (AND3_X2)                                   0.5027    77.6513 r
  U2525/ZN (INV_X1)                                     0.3010    77.9523 f
  U47405/ZN (NOR2_X1)                                   0.9230    78.8753 r
  U49420/ZN (NAND2_X1)                                  0.2288    79.1041 f
  U7591/ZN (INV_X1)                                     0.3957    79.4998 r
  U3588/ZN (INV_X2)                                     0.2528    79.7526 f
  U49584/ZN (OAI22_X1)                                  0.4590    80.2116 r
  U49585/ZN (AOI21_X1)                                  0.1862    80.3978 f
  U49586/ZN (OAI21_X1)                                  0.3545    80.7523 r
  U49634/S (FA_X1)                                      0.6980    81.4503 f
  U49608/ZN (NOR2_X1)                                   0.2489    81.6992 r
  U49641/ZN (OAI21_X1)                                  0.1164    81.8155 f
  U49642/ZN (AOI21_X1)                                  0.3710    82.1866 r
  U49643/ZN (OAI21_X1)                                  0.1714    82.3580 f
  U49644/ZN (AOI21_X1)                                  0.4703    82.8283 r
  U50168/ZN (OAI21_X1)                                  0.1819    83.0101 f
  U3326/ZN (INV_X2)                                     0.5086    83.5188 r
  U50722/ZN (OAI21_X1)                                  0.1525    83.6713 f
  U50723/ZN (AOI21_X1)                                  0.4501    84.1215 r
  U50724/Z (XOR2_X1)                                    0.8749    84.9964 r
  U51323/S (HA_X1)                                      0.2053    85.2016 f
  U51437/ZN (NOR2_X1)                                   0.3301    85.5317 r
  U51512/ZN (NAND2_X1)                                  0.1077    85.6394 f
  U51513/ZN (NOR2_X1)                                   0.2367    85.8761 r
  U51514/ZN (NAND2_X1)                                  0.1149    85.9910 f
  U51515/ZN (NOR2_X1)                                   0.2439    86.2350 r
  U6885/ZN (INV_X1)                                     0.0654    86.3004 f
  U2558/ZN (OAI21_X1)                                   1.0394    87.3398 r
  U3166/ZN (INV_X2)                                     0.4513    87.7912 f
  U53692/ZN (XNOR2_X1)                                  0.3700    88.1612 f
  U53693/ZN (NOR2_X1)                                   0.2404    88.4015 r
  U53696/ZN (NAND2_X1)                                  0.0804    88.4819 f
  U53697/ZN (NOR2_X1)                                   0.3638    88.8458 r
  U53701/S (FA_X1)                                      0.7765    89.6223 f
  U3114/ZN (INV_X1)                                     0.1176    89.7399 r
  U53726/ZN (OAI21_X1)                                  0.0819    89.8219 f
  U53773/ZN (AOI21_X1)                                  0.2351    90.0569 r
  U53799/ZN (OAI21_X1)                                  0.1493    90.2063 f
  U6199/Z (XOR2_X1)                                     0.2956    90.5019 f
  U6198/ZN (AND2_X1)                                    0.2205    90.7225 f
  U53802/ZN (NAND4_X1)                                  0.2934    91.0158 r
  U3002/ZN (AND2_X1)                                    0.2299    91.2457 r
  U2979/ZN (INV_X1)                                     0.0642    91.3100 f
  U5873/ZN (OR2_X1)                                     0.1969    91.5069 f
  U2950/ZN (AND2_X1)                                    0.2125    91.7194 f
  U2570/ZN (NAND2_X1)                                   0.3245    92.0438 r
  U53898/ZN (NOR2_X1)                                   0.1941    92.2379 f
  U2567/ZN (INV_X1)                                     0.7233    92.9612 r
  U9503/ZN (INV_X1)                                     0.4675    93.4287 f
  U53907/ZN (NAND2_X2)                                  0.4429    93.8716 r
  U2559/ZN (INV_X1)                                     0.2586    94.1302 f
  U55521/ZN (NAND2_X1)                                  0.1579    94.2881 r
  U2811/ZN (AND3_X1)                                    0.2802    94.5682 r
  U55801/ZN (NAND2_X1)                                  0.0816    94.6498 f
  U55802/ZN (NAND2_X1)                                  0.1781    94.8279 r
  U55900/ZN (NAND2_X1)                                  0.0856    94.9136 f
  U2732/ZN (AND4_X1)                                    0.3416    95.2552 f
  U5682/ZN (OAI222_X1)                                  0.8423    96.0975 r
  U2487/ZN (INV_X4)                                     0.0392    96.1367 f
  U55903/ZN (NOR4_X1)                                   0.6085    96.7452 r
  U56067/ZN (NAND4_X1)                                  0.1385    96.8837 f
  U2596/ZN (OR4_X1)                                     0.4972    97.3809 f
  U56547/ZN (NOR2_X1)                                   0.5321    97.9130 r
  U56762/ZN (AOI21_X1)                                  0.1571    98.0701 f
  U9627/ZN (INV_X1)                                     0.1819    98.2520 r
  U56766/CO (HA_X1)                                     0.2402    98.4922 r
  U56770/CO (HA_X1)                                     0.2408    98.7330 r
  U57154/CO (HA_X1)                                     0.2145    98.9475 r
  U57155/Z (XOR2_X1)                                    0.3721    99.3196 r
  U57157/ZN (AOI21_X1)                                  0.1519    99.4715 f
  U104381/ZN (NOR2_X1)                                  0.2176    99.6891 r
  q_state_output_sram_write_data_r_reg[62]/D (DFF_X2)   0.0000    99.6891 r
  data arrival time                                               99.6891

  clock clk (rise edge)                               100.0000   100.0000
  clock network delay (ideal)                           0.0000   100.0000
  clock uncertainty                                    -0.0500    99.9500
  q_state_output_sram_write_data_r_reg[62]/CK (DFF_X2)
                                                        0.0000    99.9500 r
  library setup time                                   -0.2176    99.7324
  data required time                                              99.7324
  --------------------------------------------------------------------------
  data required time                                              99.7324
  data arrival time                                              -99.6891
  --------------------------------------------------------------------------
  slack (MET)                                                      0.0433


1
